# JRE version: Java(TM) SE Runtime Environment (8.0_241-b07) (build 1.8.0_241-b07)
# Java VM: Java HotSpot(TM) 64-Bit Server VM (25.241-b07 mixed mode windows-amd64 compressed oops)
Heap:
 PSYoungGen      total 245760K, used 46110K [0x00000000eab00000, 0x00000000ffd80000, 0x0000000100000000)
  eden space 152576K, 0% used [0x00000000eab00000,0x00000000eab00000,0x00000000f4000000)
  from space 93184K, 49% used [0x00000000f4000000,0x00000000f6d078f8,0x00000000f9b00000)
  to   space 92672K, 0% used [0x00000000fa300000,0x00000000fa300000,0x00000000ffd80000)
 ParOldGen       total 699392K, used 658458K [0x00000000c0000000, 0x00000000eab00000, 0x00000000eab00000)
  object space 699392K, 94% used [0x00000000c0000000,0x00000000e8306b48,0x00000000eab00000)
 Metaspace       used 86920K, capacity 91589K, committed 91776K, reserved 1128448K
  class space    used 12072K, capacity 13080K, committed 13184K, reserved 1048576K
GC Heap History (10 events):
Event: 58.099 GC heap after
Heap after GC invocations=44 (full 3):
 PSYoungGen      total 228352K, used 34496K [0x00000000eab00000, 0x00000000ff280000, 0x0000000100000000)
  eden space 122880K, 0% used [0x00000000eab00000,0x00000000eab00000,0x00000000f2300000)
  from space 105472K, 32% used [0x00000000f2300000,0x00000000f44b0000,0x00000000f8a00000)
  to   space 100864K, 0% used [0x00000000f9000000,0x00000000f9000000,0x00000000ff280000)
 ParOldGen       total 699392K, used 506058K [0x00000000c0000000, 0x00000000eab00000, 0x00000000eab00000)
  object space 699392K, 72% used [0x00000000c0000000,0x00000000dee32b88,0x00000000eab00000)
 Metaspace       used 86920K, capacity 91589K, committed 91776K, reserved 1128448K
  class space    used 12072K, capacity 13080K, committed 13184K, reserved 1048576K
}
Event: 58.295 GC heap before
{Heap before GC invocations=45 (full 3):
 PSYoungGen      total 228352K, used 157376K [0x00000000eab00000, 0x00000000ff280000, 0x0000000100000000)
  eden space 122880K, 100% used [0x00000000eab00000,0x00000000f2300000,0x00000000f2300000)
  from space 105472K, 32% used [0x00000000f2300000,0x00000000f44b0000,0x00000000f8a00000)
  to   space 100864K, 0% used [0x00000000f9000000,0x00000000f9000000,0x00000000ff280000)
 ParOldGen       total 699392K, used 506058K [0x00000000c0000000, 0x00000000eab00000, 0x00000000eab00000)
  object space 699392K, 72% used [0x00000000c0000000,0x00000000dee32b88,0x00000000eab00000)
 Metaspace       used 86920K, capacity 91589K, committed 91776K, reserved 1128448K
  class space    used 12072K, capacity 13080K, committed 13184K, reserved 1048576K
Event: 58.311 GC heap after
Heap after GC invocations=45 (full 3):
 PSYoungGen      total 238080K, used 36797K [0x00000000eab00000, 0x00000000ff480000, 0x0000000100000000)
  eden space 137216K, 0% used [0x00000000eab00000,0x00000000eab00000,0x00000000f3100000)
  from space 100864K, 36% used [0x00000000f9000000,0x00000000fb3ef568,0x00000000ff280000)
  to   space 97280K, 0% used [0x00000000f3100000,0x00000000f3100000,0x00000000f9000000)
 ParOldGen       total 699392K, used 541090K [0x00000000c0000000, 0x00000000eab00000, 0x00000000eab00000)
  object space 699392K, 77% used [0x00000000c0000000,0x00000000e1068b88,0x00000000eab00000)
 Metaspace       used 86920K, capacity 91589K, committed 91776K, reserved 1128448K
  class space    used 12072K, capacity 13080K, committed 13184K, reserved 1048576K
}
Event: 58.525 GC heap before
{Heap before GC invocations=46 (full 3):
 PSYoungGen      total 238080K, used 174013K [0x00000000eab00000, 0x00000000ff480000, 0x0000000100000000)
  eden space 137216K, 100% used [0x00000000eab00000,0x00000000f3100000,0x00000000f3100000)
  from space 100864K, 36% used [0x00000000f9000000,0x00000000fb3ef568,0x00000000ff280000)
  to   space 97280K, 0% used [0x00000000f3100000,0x00000000f3100000,0x00000000f9000000)
 ParOldGen       total 699392K, used 541090K [0x00000000c0000000, 0x00000000eab00000, 0x00000000eab00000)
  object space 699392K, 77% used [0x00000000c0000000,0x00000000e1068b88,0x00000000eab00000)
 Metaspace       used 86920K, capacity 91589K, committed 91776K, reserved 1128448K
  class space    used 12072K, capacity 13080K, committed 13184K, reserved 1048576K
Event: 58.540 GC heap after
Heap after GC invocations=46 (full 3):
 PSYoungGen      total 234496K, used 39697K [0x00000000eab00000, 0x00000000ff780000, 0x0000000100000000)
  eden space 137216K, 0% used [0x00000000eab00000,0x00000000eab00000,0x00000000f3100000)
  from space 97280K, 40% used [0x00000000f3100000,0x00000000f57c4518,0x00000000f9000000)
  to   space 94720K, 0% used [0x00000000f9b00000,0x00000000f9b00000,0x00000000ff780000)
 ParOldGen       total 699392K, used 578356K [0x00000000c0000000, 0x00000000eab00000, 0x00000000eab00000)
  object space 699392K, 82% used [0x00000000c0000000,0x00000000e34cd268,0x00000000eab00000)
 Metaspace       used 86920K, capacity 91589K, committed 91776K, reserved 1128448K
  class space    used 12072K, capacity 13080K, committed 13184K, reserved 1048576K
}
Event: 58.749 GC heap before
{Heap before GC invocations=47 (full 3):
 PSYoungGen      total 234496K, used 176913K [0x00000000eab00000, 0x00000000ff780000, 0x0000000100000000)
  eden space 137216K, 100% used [0x00000000eab00000,0x00000000f3100000,0x00000000f3100000)
  from space 97280K, 40% used [0x00000000f3100000,0x00000000f57c4518,0x00000000f9000000)
  to   space 94720K, 0% used [0x00000000f9b00000,0x00000000f9b00000,0x00000000ff780000)
 ParOldGen       total 699392K, used 578356K [0x00000000c0000000, 0x00000000eab00000, 0x00000000eab00000)
  object space 699392K, 82% used [0x00000000c0000000,0x00000000e34cd268,0x00000000eab00000)
 Metaspace       used 86920K, capacity 91589K, committed 91776K, reserved 1128448K
  class space    used 12072K, capacity 13080K, committed 13184K, reserved 1048576K
Event: 58.764 GC heap after
Heap after GC invocations=47 (full 3):
 PSYoungGen      total 247296K, used 41054K [0x00000000eab00000, 0x00000000ffa80000, 0x0000000100000000)
  eden space 152576K, 0% used [0x00000000eab00000,0x00000000eab00000,0x00000000f4000000)
  from space 94720K, 43% used [0x00000000f9b00000,0x00000000fc317b58,0x00000000ff780000)
  to   space 93184K, 0% used [0x00000000f4000000,0x00000000f4000000,0x00000000f9b00000)
 ParOldGen       total 699392K, used 618060K [0x00000000c0000000, 0x00000000eab00000, 0x00000000eab00000)
  object space 699392K, 88% used [0x00000000c0000000,0x00000000e5b930e8,0x00000000eab00000)
 Metaspace       used 86920K, capacity 91589K, committed 91776K, reserved 1128448K
  class space    used 12072K, capacity 13080K, committed 13184K, reserved 1048576K
}
Event: 59.001 GC heap before
{Heap before GC invocations=48 (full 3):
 PSYoungGen      total 247296K, used 193630K [0x00000000eab00000, 0x00000000ffa80000, 0x0000000100000000)
  eden space 152576K, 100% used [0x00000000eab00000,0x00000000f4000000,0x00000000f4000000)
  from space 94720K, 43% used [0x00000000f9b00000,0x00000000fc317b58,0x00000000ff780000)
  to   space 93184K, 0% used [0x00000000f4000000,0x00000000f4000000,0x00000000f9b00000)
 ParOldGen       total 699392K, used 618060K [0x00000000c0000000, 0x00000000eab00000, 0x00000000eab00000)
  object space 699392K, 88% used [0x00000000c0000000,0x00000000e5b930e8,0x00000000eab00000)
 Metaspace       used 86920K, capacity 91589K, committed 91776K, reserved 1128448K
  class space    used 12072K, capacity 13080K, committed 13184K, reserved 1048576K
Event: 59.016 GC heap after
Heap after GC invocations=48 (full 3):
 PSYoungGen      total 245760K, used 46110K [0x00000000eab00000, 0x00000000ffd80000, 0x0000000100000000)
  eden space 152576K, 0% used [0x00000000eab00000,0x00000000eab00000,0x00000000f4000000)
  from space 93184K, 49% used [0x00000000f4000000,0x00000000f6d078f8,0x00000000f9b00000)
  to   space 92672K, 0% used [0x00000000fa300000,0x00000000fa300000,0x00000000ffd80000)
 ParOldGen       total 699392K, used 658458K [0x00000000c0000000, 0x00000000eab00000, 0x00000000eab00000)
  object space 699392K, 94% used [0x00000000c0000000,0x00000000e8306b48,0x00000000eab00000)
 Metaspace       used 86920K, capacity 91589K, committed 91776K, reserved 1128448K
  class space    used 12072K, capacity 13080K, committed 13184K, reserved 1048576K
}
Event: 59.016 GC heap before
{Heap before GC invocations=49 (full 4):
 PSYoungGen      total 245760K, used 46110K [0x00000000eab00000, 0x00000000ffd80000, 0x0000000100000000)
  eden space 152576K, 0% used [0x00000000eab00000,0x00000000eab00000,0x00000000f4000000)
  from space 93184K, 49% used [0x00000000f4000000,0x00000000f6d078f8,0x00000000f9b00000)
  to   space 92672K, 0% used [0x00000000fa300000,0x00000000fa300000,0x00000000ffd80000)
 ParOldGen       total 699392K, used 658458K [0x00000000c0000000, 0x00000000eab00000, 0x00000000eab00000)
  object space 699392K, 94% used [0x00000000c0000000,0x00000000e8306b48,0x00000000eab00000)
 Metaspace       used 86920K, capacity 91589K, committed 91776K, reserved 1128448K
  class space    used 12072K, capacity 13080K, committed 13184K, reserved 1048576K

